<?xml version="1.0" encoding="UTF-8"?>
<testng-results ignored="0" total="1" passed="1" failed="0" skipped="0">
  <reporter-output>
  </reporter-output>
  <suite started-at="2022-02-03T10:15:28 IST" name="Default suite" finished-at="2022-02-03T10:15:41 IST" duration-ms="12590">
    <groups>
    </groups>
    <test started-at="2022-02-03T10:15:28 IST" name="Default test" finished-at="2022-02-03T10:15:41 IST" duration-ms="12590">
      <class name="mysele.testcases.TestFacebookPage">
        <test-method signature="testfacebookhomepage()[pri:0, instance:mysele.testcases.TestFacebookPage@2ea41516]" started-at="2022-02-03T10:15:28 IST" name="testfacebookhomepage" finished-at="2022-02-03T10:15:41 IST" duration-ms="12544" status="PASS">
          <reporter-output>
          </reporter-output>
        </test-method> <!-- testfacebookhomepage -->
      </class> <!-- mysele.testcases.TestFacebookPage -->
    </test> <!-- Default test -->
  </suite> <!-- Default suite -->
</testng-results>
